\BOOKMARK [-1][-]{part.1}{\376\377\000I\000\040\000S\000o\000m\000e\000\040\000P\000r\000e\000l\000i\000m\000i\000n\000a\000r\000i\000e\000s}{}% 1
\BOOKMARK [0][-]{chapter.1}{\376\377\000T\000h\000e\000\040\000E\000x\000a\000m\000i\000n\000e\000d\000\040\000L\000i\000f\000e}{part.1}% 2
\BOOKMARK [1][-]{section.1.1}{\376\377\000W\000h\000a\000t\000\040\000d\000o\000\040\000I\000\040\000k\000n\000o\000w\000?}{chapter.1}% 3
\BOOKMARK [1][-]{section.1.2}{\376\377\000W\000h\000a\000t\000\040\000s\000h\000o\000u\000l\000d\000\040\000I\000\040\000d\000o\000?}{chapter.1}% 4
\BOOKMARK [1][-]{section.1.3}{\376\377\000P\000h\000i\000l\000o\000s\000o\000p\000h\000i\000c\000a\000l\000\040\000E\000t\000h\000i\000c\000s}{chapter.1}% 5
\BOOKMARK [1][-]{section.1.4}{\376\377\000S\000l\000i\000d\000e\000s\000h\000o\000w\000\040\000S\000u\000m\000m\000a\000r\000y}{chapter.1}% 6
\BOOKMARK [0][-]{chapter.2}{\376\377\000A\000\040\000L\000i\000t\000t\000l\000e\000\040\000B\000i\000t\000\040\000o\000f\000\040\000L\000o\000g\000i\000c}{part.1}% 7
\BOOKMARK [1][-]{section.2.1}{\376\377\000A\000r\000g\000u\000m\000e\000n\000t\000s\000,\000\040\000R\000a\000t\000i\000o\000n\000a\000l\000i\000t\000y\000\040\000a\000n\000d\000\040\000R\000h\000e\000t\000o\000r\000i\000c}{chapter.2}% 8
\BOOKMARK [1][-]{section.2.2}{\376\377\000T\000h\000e\000\040\000S\000t\000r\000u\000c\000t\000u\000r\000e\000\040\000o\000f\000\040\000A\000r\000g\000u\000m\000e\000n\000t\000s}{chapter.2}% 9
\BOOKMARK [1][-]{section.2.3}{\376\377\000V\000a\000l\000i\000d\000i\000t\000y\000\040\000a\000n\000d\000\040\000S\000o\000u\000n\000d\000n\000e\000s\000s}{chapter.2}% 10
\BOOKMARK [1][-]{section.2.4}{\376\377\000P\000r\000o\000o\000f\000s\000\040\000a\000n\000d\000\040\000C\000o\000u\000n\000t\000e\000r\000e\000x\000a\000m\000p\000l\000e\000s}{chapter.2}% 11
\BOOKMARK [1][-]{section.2.5}{\376\377\000S\000l\000i\000d\000e\000s\000h\000o\000w\000\040\000S\000u\000m\000m\000a\000r\000y}{chapter.2}% 12
\BOOKMARK [0][-]{chapter.3}{\376\377\000F\000a\000l\000l\000a\000c\000i\000e\000s\000\040\000a\000n\000d\000\040\000B\000i\000a\000s\000e\000s}{part.1}% 13
\BOOKMARK [1][-]{section.3.1}{\376\377\000F\000a\000l\000l\000a\000c\000i\000e\000s\000\040\000o\000f\000\040\000R\000e\000l\000e\000v\000a\000n\000c\000e}{chapter.3}% 14
\BOOKMARK [1][-]{section.3.2}{\376\377\000F\000a\000l\000l\000a\000c\000i\000e\000s\000\040\000o\000f\000\040\000A\000m\000b\000i\000g\000u\000i\000t\000y}{chapter.3}% 15
\BOOKMARK [1][-]{section.3.3}{\376\377\000F\000a\000l\000l\000a\000c\000i\000e\000s\000\040\000o\000f\000\040\000P\000r\000e\000s\000u\000m\000p\000t\000i\000o\000n}{chapter.3}% 16
\BOOKMARK [1][-]{section.3.4}{\376\377\000C\000o\000g\000n\000i\000t\000i\000v\000e\000\040\000B\000i\000a\000s\000e\000s}{chapter.3}% 17
\BOOKMARK [1][-]{section.3.5}{\376\377\000S\000l\000i\000d\000e\000s\000h\000o\000w\000\040\000S\000u\000m\000m\000a\000r\000y}{chapter.3}% 18
\BOOKMARK [-1][-]{part.2}{\376\377\000I\000I\000\040\000E\000t\000h\000i\000c\000s\000\040\000C\000u\000l\000t\000u\000r\000e\000\040\000a\000n\000d\000\040\000R\000e\000l\000i\000g\000i\000o\000n}{}% 19
\BOOKMARK [0][-]{chapter.4}{\376\377\000R\000e\000l\000a\000t\000i\000v\000i\000s\000m}{part.2}% 20
\BOOKMARK [1][-]{section.4.1}{\376\377\000C\000l\000a\000i\000m\000s\000\040\000a\000n\000d\000\040\000C\000o\000n\000s\000e\000q\000u\000e\000n\000c\000e\000s\000\040\000o\000f\000\040\000M\000o\000r\000a\000l\000\040\000R\000e\000l\000a\000t\000i\000v\000i\000s\000m}{chapter.4}% 21
\BOOKMARK [1][-]{section.4.2}{\376\377\000D\000e\000f\000e\000n\000d\000i\000n\000g\000\040\000R\000e\000l\000a\000t\000i\000v\000i\000s\000m}{chapter.4}% 22
\BOOKMARK [1][-]{section.4.3}{\376\377\000T\000h\000e\000\040\000A\000r\000g\000u\000m\000e\000n\000t\000\040\000f\000r\000o\000m\000\040\000L\000e\000a\000r\000n\000i\000n\000g}{chapter.4}% 23
\BOOKMARK [1][-]{section.4.4}{\376\377\000D\000i\000f\000f\000e\000r\000e\000n\000c\000e\000\040\000a\000n\000d\000\040\000T\000o\000l\000e\000r\000a\000n\000c\000e}{chapter.4}% 24
\BOOKMARK [1][-]{section.4.5}{\376\377\000Q\000u\000e\000s\000t\000i\000o\000n\000i\000n\000g\000\040\000R\000e\000l\000a\000t\000i\000v\000i\000s\000m}{chapter.4}% 25
\BOOKMARK [1][-]{section.4.6}{\376\377\000A\000\040\000S\000t\000a\000r\000t\000i\000n\000g\000\040\000P\000o\000i\000n\000t}{chapter.4}% 26
\BOOKMARK [1][-]{section.4.7}{\376\377\000S\000l\000i\000d\000e\000s\000h\000o\000w\000\040\000S\000u\000m\000m\000a\000r\000y}{chapter.4}% 27
\BOOKMARK [0][-]{chapter.5}{\376\377\000R\000e\000l\000i\000g\000i\000o\000n\000\040\000a\000n\000d\000\040\000E\000t\000h\000i\000c\000s}{part.2}% 28
\BOOKMARK [1][-]{section.5.1}{\376\377\000D\000i\000v\000i\000n\000e\000\040\000C\000o\000m\000m\000a\000n\000d\000\040\000T\000h\000e\000o\000r\000y}{chapter.5}% 29
\BOOKMARK [1][-]{section.5.2}{\376\377\000A\000\040\000N\000a\000s\000t\000y\000\040\000D\000i\000l\000e\000m\000m\000a}{chapter.5}% 30
\BOOKMARK [1][-]{section.5.3}{\376\377\000N\000a\000t\000u\000r\000a\000l\000\040\000L\000a\000w\000\040\000T\000h\000e\000o\000r\000y}{chapter.5}% 31
\BOOKMARK [1][-]{section.5.4}{\376\377\000E\000t\000h\000i\000c\000s\000\040\000a\000n\000d\000\040\000H\000u\000m\000a\000n\000\040\000N\000a\000t\000u\000r\000e}{chapter.5}% 32
\BOOKMARK [1][-]{section.5.5}{\376\377\000S\000l\000i\000d\000e\000s\000h\000o\000w\000\040\000S\000u\000m\000m\000a\000r\000y}{chapter.5}% 33
\BOOKMARK [-1][-]{part.3}{\376\377\000I\000I\000I\000\040\000R\000e\000c\000o\000n\000s\000t\000r\000u\000c\000t\000i\000n\000g\000\040\000N\000o\000r\000m\000s}{}% 34
\BOOKMARK [0][-]{chapter.6}{\376\377\000E\000g\000o\000i\000s\000m}{part.3}% 35
\BOOKMARK [1][-]{section.6.1}{\376\377\000P\000s\000y\000c\000h\000o\000l\000o\000g\000i\000c\000a\000l\000\040\000E\000g\000o\000i\000s\000m\000:\000\040\000W\000h\000a\000t\000'\000s\000\040\000i\000n\000\040\000i\000t\000\040\000f\000o\000r\000\040\000m\000e\000?}{chapter.6}% 36
\BOOKMARK [1][-]{section.6.2}{\376\377\000A\000r\000g\000u\000m\000e\000n\000t\000s\000\040\000f\000o\000r\000\040\000p\000s\000y\000c\000h\000o\000l\000o\000g\000i\000c\000a\000l\000\040\000e\000g\000o\000i\000s\000m}{chapter.6}% 37
\BOOKMARK [1][-]{section.6.3}{\376\377\000E\000t\000h\000i\000c\000a\000l\000\040\000E\000g\000o\000i\000s\000m}{chapter.6}% 38
\BOOKMARK [1][-]{section.6.4}{\376\377\000I\000n\000\040\000D\000e\000f\000e\000n\000s\000e\000\040\000o\000f\000\040\000E\000t\000h\000i\000c\000a\000l\000\040\000E\000g\000o\000i\000s\000m}{chapter.6}% 39
\BOOKMARK [1][-]{section.6.5}{\376\377\000C\000a\000p\000i\000t\000a\000l\000i\000s\000m\000\040\000a\000n\000d\000\040\000t\000h\000e\000\040\000C\000o\000m\000m\000o\000n\000\040\000G\000o\000o\000d}{chapter.6}% 40
\BOOKMARK [1][-]{section.6.6}{\376\377\000S\000l\000i\000d\000e\000s\000h\000o\000w\000\040\000S\000u\000m\000m\000a\000r\000y}{chapter.6}% 41
\BOOKMARK [0][-]{chapter.7}{\376\377\000S\000o\000c\000i\000a\000l\000\040\000C\000o\000n\000t\000r\000a\000c\000t\000\040\000T\000h\000e\000o\000r\000y}{part.3}% 42
\BOOKMARK [1][-]{section.7.1}{\376\377\000H\000o\000b\000b\000e\000s\000\040\000a\000n\000d\000\040\000t\000h\000e\000\040\000I\000n\000v\000e\000n\000t\000i\000o\000n\000\040\000o\000f\000\040\000S\000o\000c\000i\000e\000t\000y}{chapter.7}% 43
\BOOKMARK [1][-]{section.7.2}{\376\377\000T\000h\000e\000\040\000s\000o\000c\000i\000a\000l\000\040\000c\000o\000n\000t\000r\000a\000c\000t}{chapter.7}% 44
\BOOKMARK [1][-]{section.7.3}{\376\377\000W\000h\000y\000\040\000s\000h\000o\000u\000l\000d\000\040\000w\000e\000\040\000f\000o\000l\000l\000o\000w\000\040\000t\000h\000e\000\040\000r\000u\000l\000e\000s\000?}{chapter.7}% 45
\BOOKMARK [1][-]{section.7.4}{\376\377\000S\000l\000i\000d\000e\000s\000h\000o\000w\000\040\000s\000u\000m\000m\000a\000r\000y}{chapter.7}% 46
\BOOKMARK [0][-]{chapter.8}{\376\377\000U\000t\000i\000l\000i\000t\000a\000r\000i\000a\000n\000i\000s\000m}{part.3}% 47
\BOOKMARK [1][-]{section.8.1}{\376\377\000H\000a\000p\000p\000i\000n\000e\000s\000s\000\040\000a\000n\000d\000\040\000T\000h\000e\000\040\000H\000i\000g\000h\000e\000s\000t\000\040\000G\000o\000o\000d}{chapter.8}% 48
\BOOKMARK [1][-]{section.8.2}{\376\377\000W\000h\000y\000\040\000s\000h\000o\000u\000l\000d\000\040\000I\000\040\000c\000a\000r\000e\000?}{chapter.8}% 49
\BOOKMARK [1][-]{section.8.3}{\376\377\000P\000r\000o\000b\000l\000e\000m\000s\000,\000\040\000P\000r\000o\000b\000l\000e\000m\000s}{chapter.8}% 50
\BOOKMARK [1][-]{section.8.4}{\376\377\000S\000l\000i\000d\000e\000s\000h\000o\000w\000\040\000S\000u\000m\000m\000a\000r\000y}{chapter.8}% 51
\BOOKMARK [0][-]{chapter.9}{\376\377\000K\000a\000n\000t\000\040\000a\000n\000d\000\040\000t\000h\000e\000\040\000e\000t\000h\000i\000c\000s\000\040\000o\000f\000\040\000d\000u\000t\000y}{part.3}% 52
\BOOKMARK [1][-]{section.9.1}{\376\377\000W\000h\000a\000t\000\040\000d\000o\000\040\000w\000e\000\040\000o\000w\000e\000\040\000o\000n\000e\000\040\000a\000n\000o\000t\000h\000e\000r\000?}{chapter.9}% 53
\BOOKMARK [1][-]{section.9.2}{\376\377\000R\000i\000g\000h\000t\000s\000\040\000a\000n\000d\000\040\000t\000h\000e\000\040\000i\000d\000e\000a\000l\000\040\000o\000f\000\040\000r\000e\000s\000p\000e\000c\000t}{chapter.9}% 54
\BOOKMARK [1][-]{section.9.3}{\376\377\000T\000h\000e\000\040\000C\000a\000t\000e\000g\000o\000r\000i\000c\000a\000l\000\040\000I\000m\000p\000e\000r\000a\000t\000i\000v\000e}{chapter.9}% 55
\BOOKMARK [1][-]{section.9.4}{\376\377\000S\000l\000i\000d\000e\000s\000h\000o\000w\000\040\000S\000u\000m\000m\000a\000r\000y}{chapter.9}% 56
\BOOKMARK [-1][-]{part.4}{\376\377\000I\000V\000\040\000A\000p\000p\000l\000i\000e\000d\000\040\000E\000t\000h\000i\000c\000s}{}% 57
\BOOKMARK [0][-]{chapter.10}{\376\377\000T\000h\000e\000o\000r\000y\000\040\000i\000n\000\040\000P\000r\000a\000c\000t\000i\000c\000e}{part.4}% 58
\BOOKMARK [1][-]{section.10.1}{\376\377\000E\000t\000h\000i\000c\000s\000\040\000i\000n\000\040\000t\000h\000e\000\040\000r\000e\000a\000l\000\040\000w\000o\000r\000l\000d}{chapter.10}% 59
\BOOKMARK [0][-]{chapter.11}{\376\377\000E\000u\000t\000h\000a\000n\000a\000s\000i\000a}{part.4}% 60
\BOOKMARK [1][-]{section.11.1}{\376\377\000T\000y\000p\000e\000s\000\040\000o\000f\000\040\000e\000u\000t\000h\000a\000n\000a\000s\000i\000a}{chapter.11}% 61
\BOOKMARK [1][-]{section.11.2}{\376\377\000A\000r\000g\000u\000i\000n\000g\000\040\000A\000b\000o\000u\000t\000\040\000E\000u\000t\000h\000a\000n\000a\000s\000i\000a}{chapter.11}% 62
\BOOKMARK [0][-]{chapter.12}{\376\377\000L\000i\000b\000e\000r\000t\000y\000\040\000a\000n\000d\000\040\000i\000t\000s\000\040\000L\000i\000m\000i\000t\000s}{part.4}% 63
\BOOKMARK [1][-]{section.12.1}{\376\377\000L\000i\000b\000e\000r\000t\000a\000r\000i\000a\000n\000s\000\040\000a\000n\000d\000\040\000p\000a\000t\000e\000r\000n\000a\000l\000i\000s\000t\000s}{chapter.12}% 64
\BOOKMARK [1][-]{section.12.2}{\376\377\000T\000h\000e\000\040\000C\000a\000s\000e\000\040\000o\000f\000\040\000R\000e\000c\000r\000e\000a\000t\000i\000o\000n\000a\000l\000\040\000D\000r\000u\000g\000s}{chapter.12}% 65
\BOOKMARK [0][-]{chapter.13}{\376\377\000C\000r\000i\000m\000e\000\040\000a\000n\000d\000\040\000P\000u\000n\000i\000s\000h\000m\000e\000n\000t}{part.4}% 66
\BOOKMARK [1][-]{section.13.1}{\376\377\000U\000t\000i\000l\000i\000t\000a\000r\000i\000a\000n\000\040\000a\000p\000p\000r\000o\000a\000c\000h\000e\000s}{chapter.13}% 67
\BOOKMARK [1][-]{section.13.2}{\376\377\000R\000e\000t\000r\000i\000b\000u\000t\000i\000v\000i\000s\000t\000\040\000a\000p\000p\000r\000o\000a\000c\000h\000e\000s}{chapter.13}% 68
\BOOKMARK [1][-]{section.13.3}{\376\377\000T\000h\000e\000\040\000D\000e\000a\000t\000h\000\040\000P\000e\000n\000a\000l\000t\000y}{chapter.13}% 69
\BOOKMARK [0][-]{chapter.14}{\376\377\000A\000n\000i\000m\000a\000l\000s\000\040\000a\000n\000d\000\040\000E\000t\000h\000i\000c\000s}{part.4}% 70
\BOOKMARK [1][-]{section.14.1}{\376\377\000D\000e\000f\000e\000n\000d\000i\000n\000g\000\040\000T\000h\000e\000\040\000S\000t\000a\000t\000u\000s\000\040\000Q\000u\000o}{chapter.14}% 71
\BOOKMARK [1][-]{section.14.2}{\376\377\000H\000u\000m\000a\000n\000e\000\040\000R\000e\000f\000o\000r\000m}{chapter.14}% 72
\BOOKMARK [1][-]{section.14.3}{\376\377\000G\000e\000n\000u\000i\000n\000e\000\040\000M\000o\000r\000a\000l\000\040\000C\000o\000n\000s\000i\000d\000e\000r\000a\000t\000i\000o\000n}{chapter.14}% 73
\BOOKMARK [0][-]{chapter.15}{\376\377\000E\000t\000h\000i\000c\000s\000\040\000a\000n\000d\000\040\000t\000h\000e\000\040\000E\000n\000v\000i\000r\000o\000n\000m\000e\000n\000t}{part.4}% 74
\BOOKMARK [1][-]{section.15.1}{\376\377\000T\000h\000e\000\040\000S\000t\000a\000n\000d\000a\000r\000d\000\040\000V\000i\000e\000w}{chapter.15}% 75
\BOOKMARK [1][-]{section.15.2}{\376\377\000T\000h\000e\000\040\000L\000i\000m\000i\000t\000s\000\040\000o\000f\000\040\000N\000a\000t\000u\000r\000e}{chapter.15}% 76
\BOOKMARK [1][-]{section.15.3}{\376\377\000V\000a\000r\000i\000e\000t\000i\000e\000s\000\040\000o\000f\000\040\000E\000n\000v\000i\000r\000o\000n\000m\000e\000n\000t\000a\000l\000\040\000E\000t\000h\000i\000c\000s}{chapter.15}% 77
